# JRE version: OpenJDK Runtime Environment (8.0_242-b01) (build 1.8.0_242-release-1644-b01)
# Java VM: OpenJDK 64-Bit Server VM (25.242-b01 mixed mode windows-amd64 compressed oops)
Heap:
 PSYoungGen      total 388608K, used 128427K [0x00000000d5580000, 0x00000000f0300000, 0x0000000100000000)
  eden space 339456K, 28% used [0x00000000d5580000,0x00000000db4ea6d0,0x00000000ea100000)
  from space 49152K, 62% used [0x00000000ed300000,0x00000000ef1008a0,0x00000000f0300000)
  to   space 50176K, 0% used [0x00000000ea100000,0x00000000ea100000,0x00000000ed200000)
 ParOldGen       total 207360K, used 68420K [0x0000000080000000, 0x000000008ca80000, 0x00000000d5580000)
  object space 207360K, 32% used [0x0000000080000000,0x00000000842d11f0,0x000000008ca80000)
 Metaspace       used 104945K, capacity 110050K, committed 110416K, reserved 1144832K
  class space    used 13540K, capacity 14536K, committed 14672K, reserved 1048576K
GC Heap History (10 events):
Event: 2843.568 GC heap before
{Heap before GC invocations=22 (full 3):
 PSYoungGen      total 286208K, used 281138K [0x00000000d5580000, 0x00000000e9b80000, 0x0000000100000000)
  eden space 246784K, 100% used [0x00000000d5580000,0x00000000e4680000,0x00000000e4680000)
  from space 39424K, 87% used [0x00000000e7300000,0x00000000e948cb20,0x00000000e9980000)
  to   space 43520K, 0% used [0x00000000e4680000,0x00000000e4680000,0x00000000e7100000)
 ParOldGen       total 150528K, used 56886K [0x0000000080000000, 0x0000000089300000, 0x00000000d5580000)
  object space 150528K, 37% used [0x0000000080000000,0x000000008378db90,0x0000000089300000)
 Metaspace       used 93292K, capacity 97966K, committed 98044K, reserved 1134592K
  class space    used 12060K, capacity 13003K, committed 13052K, reserved 1048576K
Event: 2843.656 GC heap after
Heap after GC invocations=22 (full 3):
 PSYoungGen      total 290304K, used 34979K [0x00000000d5580000, 0x00000000ec580000, 0x0000000100000000)
  eden space 246784K, 0% used [0x00000000d5580000,0x00000000d5580000,0x00000000e4680000)
  from space 43520K, 80% used [0x00000000e4680000,0x00000000e68a8e38,0x00000000e7100000)
  to   space 47104K, 0% used [0x00000000e9780000,0x00000000e9780000,0x00000000ec580000)
 ParOldGen       total 150528K, used 56894K [0x0000000080000000, 0x0000000089300000, 0x00000000d5580000)
  object space 150528K, 37% used [0x0000000080000000,0x000000008378fb90,0x0000000089300000)
 Metaspace       used 93292K, capacity 97966K, committed 98044K, reserved 1134592K
  class space    used 12060K, capacity 13003K, committed 13052K, reserved 1048576K
}
Event: 2845.445 GC heap before
{Heap before GC invocations=23 (full 3):
 PSYoungGen      total 290304K, used 91681K [0x00000000d5580000, 0x00000000ec580000, 0x0000000100000000)
  eden space 246784K, 22% used [0x00000000d5580000,0x00000000d8cdf800,0x00000000e4680000)
  from space 43520K, 80% used [0x00000000e4680000,0x00000000e68a8e38,0x00000000e7100000)
  to   space 47104K, 0% used [0x00000000e9780000,0x00000000e9780000,0x00000000ec580000)
 ParOldGen       total 150528K, used 56894K [0x0000000080000000, 0x0000000089300000, 0x00000000d5580000)
  object space 150528K, 37% used [0x0000000080000000,0x000000008378fb90,0x0000000089300000)
 Metaspace       used 95182K, capacity 99872K, committed 100048K, reserved 1136640K
  class space    used 12248K, capacity 13190K, committed 13264K, reserved 1048576K
Event: 2845.615 GC heap after
Heap after GC invocations=23 (full 3):
 PSYoungGen      total 324608K, used 39948K [0x00000000d5580000, 0x00000000ee280000, 0x0000000100000000)
  eden space 277504K, 0% used [0x00000000d5580000,0x00000000d5580000,0x00000000e6480000)
  from space 47104K, 84% used [0x00000000e9780000,0x00000000ebe831c8,0x00000000ec580000)
  to   space 52224K, 0% used [0x00000000e6480000,0x00000000e6480000,0x00000000e9780000)
 ParOldGen       total 150528K, used 56902K [0x0000000080000000, 0x0000000089300000, 0x00000000d5580000)
  object space 150528K, 37% used [0x0000000080000000,0x0000000083791b90,0x0000000089300000)
 Metaspace       used 95182K, capacity 99872K, committed 100048K, reserved 1136640K
  class space    used 12248K, capacity 13190K, committed 13264K, reserved 1048576K
}
Event: 2845.616 GC heap before
{Heap before GC invocations=24 (full 4):
 PSYoungGen      total 324608K, used 39948K [0x00000000d5580000, 0x00000000ee280000, 0x0000000100000000)
  eden space 277504K, 0% used [0x00000000d5580000,0x00000000d5580000,0x00000000e6480000)
  from space 47104K, 84% used [0x00000000e9780000,0x00000000ebe831c8,0x00000000ec580000)
  to   space 52224K, 0% used [0x00000000e6480000,0x00000000e6480000,0x00000000e9780000)
 ParOldGen       total 150528K, used 56902K [0x0000000080000000, 0x0000000089300000, 0x00000000d5580000)
  object space 150528K, 37% used [0x0000000080000000,0x0000000083791b90,0x0000000089300000)
 Metaspace       used 95182K, capacity 99872K, committed 100048K, reserved 1136640K
  class space    used 12248K, capacity 13190K, committed 13264K, reserved 1048576K
Event: 2846.485 GC heap after
Heap after GC invocations=24 (full 4):
 PSYoungGen      total 324608K, used 0K [0x00000000d5580000, 0x00000000ee280000, 0x0000000100000000)
  eden space 277504K, 0% used [0x00000000d5580000,0x00000000d5580000,0x00000000e6480000)
  from space 47104K, 0% used [0x00000000e9780000,0x00000000e9780000,0x00000000ec580000)
  to   space 52224K, 0% used [0x00000000e6480000,0x00000000e6480000,0x00000000e9780000)
 ParOldGen       total 207360K, used 68404K [0x0000000080000000, 0x000000008ca80000, 0x00000000d5580000)
  object space 207360K, 32% used [0x0000000080000000,0x00000000842cd1f0,0x000000008ca80000)
 Metaspace       used 94734K, capacity 98908K, committed 100048K, reserved 1136640K
  class space    used 12135K, capacity 12995K, committed 13264K, reserved 1048576K
}
Event: 2860.409 GC heap before
{Heap before GC invocations=25 (full 4):
 PSYoungGen      total 324608K, used 277504K [0x00000000d5580000, 0x00000000ee280000, 0x0000000100000000)
  eden space 277504K, 100% used [0x00000000d5580000,0x00000000e6480000,0x00000000e6480000)
  from space 47104K, 0% used [0x00000000e9780000,0x00000000e9780000,0x00000000ec580000)
  to   space 52224K, 0% used [0x00000000e6480000,0x00000000e6480000,0x00000000e9780000)
 ParOldGen       total 207360K, used 68404K [0x0000000080000000, 0x000000008ca80000, 0x00000000d5580000)
  object space 207360K, 32% used [0x0000000080000000,0x00000000842cd1f0,0x000000008ca80000)
 Metaspace       used 100354K, capacity 104938K, committed 105552K, reserved 1140736K
  class space    used 12863K, capacity 13802K, committed 13904K, reserved 1048576K
Event: 2860.483 GC heap after
Heap after GC invocations=25 (full 4):
 PSYoungGen      total 329728K, used 19176K [0x00000000d5580000, 0x00000000f0380000, 0x0000000100000000)
  eden space 277504K, 0% used [0x00000000d5580000,0x00000000d5580000,0x00000000e6480000)
  from space 52224K, 36% used [0x00000000e6480000,0x00000000e773a078,0x00000000e9780000)
  to   space 49664K, 0% used [0x00000000ed300000,0x00000000ed300000,0x00000000f0380000)
 ParOldGen       total 207360K, used 68412K [0x0000000080000000, 0x000000008ca80000, 0x00000000d5580000)
  object space 207360K, 32% used [0x0000000080000000,0x00000000842cf1f0,0x000000008ca80000)
 Metaspace       used 100354K, capacity 104938K, committed 105552K, reserved 1140736K
  class space    used 12863K, capacity 13802K, committed 13904K, reserved 1048576K
}
Event: 2865.077 GC heap before
{Heap before GC invocations=26 (full 4):
 PSYoungGen      total 329728K, used 296680K [0x00000000d5580000, 0x00000000f0380000, 0x0000000100000000)
  eden space 277504K, 100% used [0x00000000d5580000,0x00000000e6480000,0x00000000e6480000)
  from space 52224K, 36% used [0x00000000e6480000,0x00000000e773a078,0x00000000e9780000)
  to   space 49664K, 0% used [0x00000000ed300000,0x00000000ed300000,0x00000000f0380000)
 ParOldGen       total 207360K, used 68412K [0x0000000080000000, 0x000000008ca80000, 0x00000000d5580000)
  object space 207360K, 32% used [0x0000000080000000,0x00000000842cf1f0,0x000000008ca80000)
 Metaspace       used 102029K, capacity 106880K, committed 107344K, reserved 1142784K
  class space    used 13096K, capacity 14041K, committed 14160K, reserved 1048576K
Event: 2865.174 GC heap after
Heap after GC invocations=26 (full 4):
 PSYoungGen      total 388608K, used 30722K [0x00000000d5580000, 0x00000000f0300000, 0x0000000100000000)
  eden space 339456K, 0% used [0x00000000d5580000,0x00000000d5580000,0x00000000ea100000)
  from space 49152K, 62% used [0x00000000ed300000,0x00000000ef1008a0,0x00000000f0300000)
  to   space 50176K, 0% used [0x00000000ea100000,0x00000000ea100000,0x00000000ed200000)
 ParOldGen       total 207360K, used 68420K [0x0000000080000000, 0x000000008ca80000, 0x00000000d5580000)
  object space 207360K, 32% used [0x0000000080000000,0x00000000842d11f0,0x000000008ca80000)
 Metaspace       used 102029K, capacity 106880K, committed 107344K, reserved 1142784K
  class space    used 13096K, capacity 14041K, committed 14160K, reserved 1048576K
}

