# JRE version: OpenJDK Runtime Environment (8.0_242-b01) (build 1.8.0_242-release-1644-b01)
# Java VM: OpenJDK 64-Bit Server VM (25.242-b01 mixed mode windows-amd64 compressed oops)
Heap:
 PSYoungGen      total 514560K, used 81577K [0x00000000d5580000, 0x00000000fd400000, 0x0000000100000000)
  eden space 477184K, 9% used [0x00000000d5580000,0x00000000d80eac90,0x00000000f2780000)
  from space 37376K, 99% used [0x00000000f2780000,0x00000000f4bbf870,0x00000000f4c00000)
  to   space 45568K, 0% used [0x00000000fa780000,0x00000000fa780000,0x00000000fd400000)
 ParOldGen       total 200192K, used 104363K [0x0000000080000000, 0x000000008c380000, 0x00000000d5580000)
  object space 200192K, 52% used [0x0000000080000000,0x00000000865ead90,0x000000008c380000)
 Metaspace       used 81157K, capacity 85558K, committed 85976K, reserved 1124352K
  class space    used 11019K, capacity 11818K, committed 12032K, reserved 1048576K
GC Heap History (10 events):
Event: 50.121 GC heap before
{Heap before GC invocations=23 (full 4):
 PSYoungGen      total 431104K, used 420675K [0x00000000d5580000, 0x00000000f2900000, 0x0000000100000000)
  eden space 401920K, 100% used [0x00000000d5580000,0x00000000ede00000,0x00000000ede00000)
  from space 29184K, 64% used [0x00000000f0c80000,0x00000000f1ed0fd8,0x00000000f2900000)
  to   space 38400K, 0% used [0x00000000ede00000,0x00000000ede00000,0x00000000f0380000)
 ParOldGen       total 200192K, used 88662K [0x0000000080000000, 0x000000008c380000, 0x00000000d5580000)
  object space 200192K, 44% used [0x0000000080000000,0x00000000856959d8,0x000000008c380000)
 Metaspace       used 80774K, capacity 85140K, committed 85720K, reserved 1122304K
  class space    used 11006K, capacity 11805K, committed 12032K, reserved 1048576K
Event: 50.180 GC heap after
Heap after GC invocations=23 (full 4):
 PSYoungGen      total 440320K, used 7760K [0x00000000d5580000, 0x00000000f7400000, 0x0000000100000000)
  eden space 401920K, 0% used [0x00000000d5580000,0x00000000d5580000,0x00000000ede00000)
  from space 38400K, 20% used [0x00000000ede00000,0x00000000ee5940d8,0x00000000f0380000)
  to   space 37376K, 0% used [0x00000000f4f80000,0x00000000f4f80000,0x00000000f7400000)
 ParOldGen       total 200192K, used 98932K [0x0000000080000000, 0x000000008c380000, 0x00000000d5580000)
  object space 200192K, 49% used [0x0000000080000000,0x000000008609d070,0x000000008c380000)
 Metaspace       used 80774K, capacity 85140K, committed 85720K, reserved 1122304K
  class space    used 11006K, capacity 11805K, committed 12032K, reserved 1048576K
}
Event: 53.818 GC heap before
{Heap before GC invocations=24 (full 4):
 PSYoungGen      total 440320K, used 409680K [0x00000000d5580000, 0x00000000f7400000, 0x0000000100000000)
  eden space 401920K, 100% used [0x00000000d5580000,0x00000000ede00000,0x00000000ede00000)
  from space 38400K, 20% used [0x00000000ede00000,0x00000000ee5940d8,0x00000000f0380000)
  to   space 37376K, 0% used [0x00000000f4f80000,0x00000000f4f80000,0x00000000f7400000)
 ParOldGen       total 200192K, used 98932K [0x0000000080000000, 0x000000008c380000, 0x00000000d5580000)
  object space 200192K, 49% used [0x0000000080000000,0x000000008609d070,0x000000008c380000)
 Metaspace       used 81010K, capacity 85396K, committed 85976K, reserved 1124352K
  class space    used 11013K, capacity 11815K, committed 12032K, reserved 1048576K
Event: 53.913 GC heap after
Heap after GC invocations=24 (full 4):
 PSYoungGen      total 510976K, used 19897K [0x00000000d5580000, 0x00000000f7080000, 0x0000000100000000)
  eden space 477184K, 0% used [0x00000000d5580000,0x00000000d5580000,0x00000000f2780000)
  from space 33792K, 58% used [0x00000000f4f80000,0x00000000f62ee788,0x00000000f7080000)
  to   space 37376K, 0% used [0x00000000f2780000,0x00000000f2780000,0x00000000f4c00000)
 ParOldGen       total 200192K, used 104355K [0x0000000080000000, 0x000000008c380000, 0x00000000d5580000)
  object space 200192K, 52% used [0x0000000080000000,0x00000000865e8d90,0x000000008c380000)
 Metaspace       used 81010K, capacity 85396K, committed 85976K, reserved 1124352K
  class space    used 11013K, capacity 11815K, committed 12032K, reserved 1048576K
}
Event: 58.086 GC heap before
{Heap before GC invocations=25 (full 4):
 PSYoungGen      total 510976K, used 497081K [0x00000000d5580000, 0x00000000f7080000, 0x0000000100000000)
  eden space 477184K, 100% used [0x00000000d5580000,0x00000000f2780000,0x00000000f2780000)
  from space 33792K, 58% used [0x00000000f4f80000,0x00000000f62ee788,0x00000000f7080000)
  to   space 37376K, 0% used [0x00000000f2780000,0x00000000f2780000,0x00000000f4c00000)
 ParOldGen       total 200192K, used 104355K [0x0000000080000000, 0x000000008c380000, 0x00000000d5580000)
  object space 200192K, 52% used [0x0000000080000000,0x00000000865e8d90,0x000000008c380000)
 Metaspace       used 81047K, capacity 85400K, committed 85976K, reserved 1124352K
  class space    used 11016K, capacity 11815K, committed 12032K, reserved 1048576K
Event: 58.178 GC heap after
Heap after GC invocations=25 (full 4):
 PSYoungGen      total 514560K, used 21299K [0x00000000d5580000, 0x00000000fc380000, 0x0000000100000000)
  eden space 477184K, 0% used [0x00000000d5580000,0x00000000d5580000,0x00000000f2780000)
  from space 37376K, 56% used [0x00000000f2780000,0x00000000f3c4cf68,0x00000000f4c00000)
  to   space 37376K, 0% used [0x00000000f9f00000,0x00000000f9f00000,0x00000000fc380000)
 ParOldGen       total 200192K, used 104355K [0x0000000080000000, 0x000000008c380000, 0x00000000d5580000)
  object space 200192K, 52% used [0x0000000080000000,0x00000000865e8d90,0x000000008c380000)
 Metaspace       used 81047K, capacity 85400K, committed 85976K, reserved 1124352K
  class space    used 11016K, capacity 11815K, committed 12032K, reserved 1048576K
}
Event: 63.263 GC heap before
{Heap before GC invocations=26 (full 4):
 PSYoungGen      total 514560K, used 498483K [0x00000000d5580000, 0x00000000fc380000, 0x0000000100000000)
  eden space 477184K, 100% used [0x00000000d5580000,0x00000000f2780000,0x00000000f2780000)
  from space 37376K, 56% used [0x00000000f2780000,0x00000000f3c4cf68,0x00000000f4c00000)
  to   space 37376K, 0% used [0x00000000f9f00000,0x00000000f9f00000,0x00000000fc380000)
 ParOldGen       total 200192K, used 104355K [0x0000000080000000, 0x000000008c380000, 0x00000000d5580000)
  object space 200192K, 52% used [0x0000000080000000,0x00000000865e8d90,0x000000008c380000)
 Metaspace       used 81082K, capacity 85480K, committed 85976K, reserved 1124352K
  class space    used 11018K, capacity 11817K, committed 12032K, reserved 1048576K
Event: 63.428 GC heap after
Heap after GC invocations=26 (full 4):
 PSYoungGen      total 514560K, used 29858K [0x00000000d5580000, 0x00000000fc380000, 0x0000000100000000)
  eden space 477184K, 0% used [0x00000000d5580000,0x00000000d5580000,0x00000000f2780000)
  from space 37376K, 79% used [0x00000000f9f00000,0x00000000fbc28be0,0x00000000fc380000)
  to   space 37376K, 0% used [0x00000000f2780000,0x00000000f2780000,0x00000000f4c00000)
 ParOldGen       total 200192K, used 104355K [0x0000000080000000, 0x000000008c380000, 0x00000000d5580000)
  object space 200192K, 52% used [0x0000000080000000,0x00000000865e8d90,0x000000008c380000)
 Metaspace       used 81082K, capacity 85480K, committed 85976K, reserved 1124352K
  class space    used 11018K, capacity 11817K, committed 12032K, reserved 1048576K
}
Event: 68.205 GC heap before
{Heap before GC invocations=27 (full 4):
 PSYoungGen      total 514560K, used 507042K [0x00000000d5580000, 0x00000000fc380000, 0x0000000100000000)
  eden space 477184K, 100% used [0x00000000d5580000,0x00000000f2780000,0x00000000f2780000)
  from space 37376K, 79% used [0x00000000f9f00000,0x00000000fbc28be0,0x00000000fc380000)
  to   space 37376K, 0% used [0x00000000f2780000,0x00000000f2780000,0x00000000f4c00000)
 ParOldGen       total 200192K, used 104355K [0x0000000080000000, 0x000000008c380000, 0x00000000d5580000)
  object space 200192K, 52% used [0x0000000080000000,0x00000000865e8d90,0x000000008c380000)
 Metaspace       used 81153K, capacity 85558K, committed 85976K, reserved 1124352K
  class space    used 11019K, capacity 11818K, committed 12032K, reserved 1048576K
Event: 68.366 GC heap after
Heap after GC invocations=27 (full 4):
 PSYoungGen      total 514560K, used 37118K [0x00000000d5580000, 0x00000000fd400000, 0x0000000100000000)
  eden space 477184K, 0% used [0x00000000d5580000,0x00000000d5580000,0x00000000f2780000)
  from space 37376K, 99% used [0x00000000f2780000,0x00000000f4bbf870,0x00000000f4c00000)
  to   space 45568K, 0% used [0x00000000fa780000,0x00000000fa780000,0x00000000fd400000)
 ParOldGen       total 200192K, used 104363K [0x0000000080000000, 0x000000008c380000, 0x00000000d5580000)
  object space 200192K, 52% used [0x0000000080000000,0x00000000865ead90,0x000000008c380000)
 Metaspace       used 81153K, capacity 85558K, committed 85976K, reserved 1124352K
  class space    used 11019K, capacity 11818K, committed 12032K, reserved 1048576K
}

